[2026-02-16 04:26:00] [INFO] ========================================
[2026-02-16 04:26:00] [INFO] Todo 同步脚本开始执行
[2026-02-16 04:26:00] [INFO] ========================================
[2026-02-16 04:26:00] [INFO] 步骤 1/3: 拉取 git 最新代码
X11 forwarding request failed on channel 0
From github.com:huangrt01/CS-Notes
 * branch            master     -> FETCH_HEAD
Already up to date.
[2026-02-16 04:26:04] [INFO] Git 拉取成功
[2026-02-16 04:26:04] [INFO] 步骤 2/3: 扫描 Inbox 中的新任务
[2026-02-16 04:26:04] [INFO] 运行 todo-manager.py...
============================================================
Todo 管理工具
============================================================
Inbox 中没有找到有效的任务条目

提示：你可以在 Inbox.md 中添加一行简单的任务，例如：
  - 把这篇文章整理到笔记
  - https://example.com/article - 很有价值的文章
[2026-02-16 04:26:04] [INFO] Todo 管理器执行成功
[2026-02-16 04:26:04] [INFO] 步骤 3/3: 同步完成
[2026-02-16 04:26:04] [INFO] ========================================
[2026-02-16 04:26:04] [INFO] Todo 同步脚本执行完毕
[2026-02-16 04:26:04] [INFO] 日志文件: /Users/bytedance/CS-Notes/.trae/logs/todo-sync-20260216.log
[2026-02-16 04:26:04] [INFO] ========================================
